<?xml version="1.0" encoding="UTF-8"?>
<!-- Generated by org.testng.reporters.JUnitXMLReporter -->
<testsuite ignored="0" hostname="LAPTOP-OADT16FV" failures="0" tests="1" name="MedgeTest" time="3.103" errors="0" timestamp="2022-05-24T21:44:58 IST">
  <testcase classname="packp.Paytm" name="@BeforeMethod varifyHeaderp" time="0.002">
    <failure type="java.lang.NullPointerException" message="Cannot invoke &amp;quot;org.openqa.selenium.WebDriver.get(String)&amp;quot; because &amp;quot;this.driver&amp;quot; is null">
      <![CDATA[java.lang.NullPointerException: Cannot invoke "org.openqa.selenium.WebDriver.get(String)" because "this.driver" is null
at packp.Paytm.varifyHeaderp(Paytm.java:57)
at java.base/java.util.concurrent.ThreadPoolExecutor.runWorker(ThreadPoolExecutor.java:1136)
at java.base/java.util.concurrent.ThreadPoolExecutor$Worker.run(ThreadPoolExecutor.java:635)
at java.base/java.lang.Thread.run(Thread.java:833)
... Removed 16 stack frames]]>
    </failure>
  </testcase> <!-- @BeforeMethod varifyHeaderp -->
  <testcase classname="packp.Paytm" name="@AfterMethod backtomainpage" time="0.0">
    <skipped/>
  </testcase> <!-- @AfterMethod backtomainpage -->
  <testcase classname="packp.Paytm" name="@AfterClass clearObject" time="0.0">
    <skipped/>
  </testcase> <!-- @AfterClass clearObject -->
  <testcase classname="packp.Paytm" name="@AfterTest closedBrower" time="0.0">
    <skipped/>
  </testcase> <!-- @AfterTest closedBrower -->
  <testcase classname="packp.Paytm" name="varifyRechargeandbills" time="0.001">
    <skipped/>
  </testcase> <!-- varifyRechargeandbills -->
</testsuite> <!-- MedgeTest -->
