<?xml version="1.0" encoding="UTF-8"?>
<testng-results ignored="0" total="3" passed="3" failed="0" skipped="0">
  <reporter-output>
  </reporter-output>
  <suite started-at="2022-05-26T08:17:19 IST" name="Suite" finished-at="2022-05-26T08:19:17 IST" duration-ms="118062">
    <groups>
    </groups>
    <test started-at="2022-05-26T08:17:19 IST" name="ChromeTest" finished-at="2022-05-26T08:18:05 IST" duration-ms="45998">
      <class name="packp.Paytm">
        <test-method is-config="true" signature="Browserlaunch(java.lang.String)[pri:0, instance:packp.Paytm@366647c2]" started-at="2022-05-26T08:17:19 IST" name="Browserlaunch" finished-at="2022-05-26T08:17:21 IST" duration-ms="1641" status="PASS">
          <params>
            <param index="0">
              <value>
                <![CDATA[Chrome]]>
              </value>
            </param>
          </params>
          <reporter-output>
          </reporter-output>
        </test-method> <!-- Browserlaunch -->
        <test-method is-config="true" signature="createPOMobject()[pri:0, instance:packp.Paytm@366647c2]" started-at="2022-05-26T08:17:21 IST" name="createPOMobject" finished-at="2022-05-26T08:17:21 IST" duration-ms="24" status="PASS">
          <reporter-output>
          </reporter-output>
        </test-method> <!-- createPOMobject -->
        <test-method is-config="true" signature="varifyHeaderp()[pri:0, instance:packp.Paytm@366647c2]" started-at="2022-05-26T08:17:21 IST" name="varifyHeaderp" finished-at="2022-05-26T08:17:53 IST" duration-ms="32017" status="PASS">
          <reporter-output>
          </reporter-output>
        </test-method> <!-- varifyHeaderp -->
        <test-method signature="varifyRechargeandbills()[pri:0, instance:packp.Paytm@366647c2]" started-at="2022-05-26T08:17:53 IST" name="varifyRechargeandbills" finished-at="2022-05-26T08:18:05 IST" duration-ms="12006" status="PASS">
          <reporter-output>
          </reporter-output>
        </test-method> <!-- varifyRechargeandbills -->
        <test-method is-config="true" signature="backtomainpage()[pri:0, instance:packp.Paytm@366647c2]" started-at="2022-05-26T08:18:05 IST" name="backtomainpage" finished-at="2022-05-26T08:18:05 IST" duration-ms="0" status="PASS">
          <reporter-output>
          </reporter-output>
        </test-method> <!-- backtomainpage -->
        <test-method is-config="true" signature="clearObject()[pri:0, instance:packp.Paytm@366647c2]" started-at="2022-05-26T08:18:05 IST" name="clearObject" finished-at="2022-05-26T08:18:05 IST" duration-ms="0" status="PASS">
          <reporter-output>
          </reporter-output>
        </test-method> <!-- clearObject -->
        <test-method is-config="true" signature="closedBrower()[pri:0, instance:packp.Paytm@366647c2]" started-at="2022-05-26T08:18:05 IST" name="closedBrower" finished-at="2022-05-26T08:18:05 IST" duration-ms="262" status="PASS">
          <reporter-output>
          </reporter-output>
        </test-method> <!-- closedBrower -->
      </class> <!-- packp.Paytm -->
    </test> <!-- ChromeTest -->
    <test started-at="2022-05-26T08:18:05 IST" name="EdgeTest" finished-at="2022-05-26T08:18:55 IST" duration-ms="49536">
      <class name="packp.Paytm">
        <test-method is-config="true" signature="Browserlaunch(java.lang.String)[pri:0, instance:packp.Paytm@696da30b]" started-at="2022-05-26T08:18:05 IST" name="Browserlaunch" finished-at="2022-05-26T08:18:08 IST" duration-ms="3111" status="PASS">
          <params>
            <param index="0">
              <value>
                <![CDATA[Edge]]>
              </value>
            </param>
          </params>
          <reporter-output>
          </reporter-output>
        </test-method> <!-- Browserlaunch -->
        <test-method is-config="true" signature="createPOMobject()[pri:0, instance:packp.Paytm@696da30b]" started-at="2022-05-26T08:18:08 IST" name="createPOMobject" finished-at="2022-05-26T08:18:08 IST" duration-ms="1" status="PASS">
          <reporter-output>
          </reporter-output>
        </test-method> <!-- createPOMobject -->
        <test-method is-config="true" signature="varifyHeaderp()[pri:0, instance:packp.Paytm@696da30b]" started-at="2022-05-26T08:18:08 IST" name="varifyHeaderp" finished-at="2022-05-26T08:18:41 IST" duration-ms="33158" status="PASS">
          <reporter-output>
          </reporter-output>
        </test-method> <!-- varifyHeaderp -->
        <test-method signature="varifyRechargeandbills()[pri:0, instance:packp.Paytm@696da30b]" started-at="2022-05-26T08:18:41 IST" name="varifyRechargeandbills" finished-at="2022-05-26T08:18:55 IST" duration-ms="13022" status="PASS">
          <reporter-output>
          </reporter-output>
        </test-method> <!-- varifyRechargeandbills -->
        <test-method is-config="true" signature="backtomainpage()[pri:0, instance:packp.Paytm@696da30b]" started-at="2022-05-26T08:18:55 IST" name="backtomainpage" finished-at="2022-05-26T08:18:55 IST" duration-ms="0" status="PASS">
          <reporter-output>
          </reporter-output>
        </test-method> <!-- backtomainpage -->
        <test-method is-config="true" signature="clearObject()[pri:0, instance:packp.Paytm@696da30b]" started-at="2022-05-26T08:18:55 IST" name="clearObject" finished-at="2022-05-26T08:18:55 IST" duration-ms="0" status="PASS">
          <reporter-output>
          </reporter-output>
        </test-method> <!-- clearObject -->
        <test-method is-config="true" signature="closedBrower()[pri:0, instance:packp.Paytm@696da30b]" started-at="2022-05-26T08:18:55 IST" name="closedBrower" finished-at="2022-05-26T08:18:55 IST" duration-ms="234" status="PASS">
          <reporter-output>
          </reporter-output>
        </test-method> <!-- closedBrower -->
      </class> <!-- packp.Paytm -->
    </test> <!-- EdgeTest -->
    <test started-at="2022-05-26T08:18:55 IST" name="FirefoxTest" finished-at="2022-05-26T08:19:17 IST" duration-ms="22455">
      <class name="packp.Paytm">
        <test-method is-config="true" signature="Browserlaunch(java.lang.String)[pri:0, instance:packp.Paytm@be35cd9]" started-at="2022-05-26T08:18:55 IST" name="Browserlaunch" finished-at="2022-05-26T08:18:58 IST" duration-ms="2826" status="PASS">
          <params>
            <param index="0">
              <value>
                <![CDATA[Firefox]]>
              </value>
            </param>
          </params>
          <reporter-output>
          </reporter-output>
        </test-method> <!-- Browserlaunch -->
        <test-method is-config="true" signature="createPOMobject()[pri:0, instance:packp.Paytm@be35cd9]" started-at="2022-05-26T08:18:58 IST" name="createPOMobject" finished-at="2022-05-26T08:18:58 IST" duration-ms="1" status="PASS">
          <reporter-output>
          </reporter-output>
        </test-method> <!-- createPOMobject -->
        <test-method is-config="true" signature="varifyHeaderp()[pri:0, instance:packp.Paytm@be35cd9]" started-at="2022-05-26T08:18:58 IST" name="varifyHeaderp" finished-at="2022-05-26T08:19:07 IST" duration-ms="9258" status="PASS">
          <reporter-output>
          </reporter-output>
        </test-method> <!-- varifyHeaderp -->
        <test-method signature="varifyRechargeandbills()[pri:0, instance:packp.Paytm@be35cd9]" started-at="2022-05-26T08:19:07 IST" name="varifyRechargeandbills" finished-at="2022-05-26T08:19:15 IST" duration-ms="8549" status="PASS">
          <reporter-output>
          </reporter-output>
        </test-method> <!-- varifyRechargeandbills -->
        <test-method is-config="true" signature="backtomainpage()[pri:0, instance:packp.Paytm@be35cd9]" started-at="2022-05-26T08:19:15 IST" name="backtomainpage" finished-at="2022-05-26T08:19:15 IST" duration-ms="0" status="PASS">
          <reporter-output>
          </reporter-output>
        </test-method> <!-- backtomainpage -->
        <test-method is-config="true" signature="clearObject()[pri:0, instance:packp.Paytm@be35cd9]" started-at="2022-05-26T08:19:15 IST" name="clearObject" finished-at="2022-05-26T08:19:15 IST" duration-ms="0" status="PASS">
          <reporter-output>
          </reporter-output>
        </test-method> <!-- clearObject -->
        <test-method is-config="true" signature="closedBrower()[pri:0, instance:packp.Paytm@be35cd9]" started-at="2022-05-26T08:19:15 IST" name="closedBrower" finished-at="2022-05-26T08:19:17 IST" duration-ms="1817" status="PASS">
          <reporter-output>
          </reporter-output>
        </test-method> <!-- closedBrower -->
      </class> <!-- packp.Paytm -->
    </test> <!-- FirefoxTest -->
  </suite> <!-- Suite -->
</testng-results>
